Terminals unused in grammar

   GT
   LT
   GE
   LE
   EQ
   NE


状态 29 conflicts: 1 shift/reduce
状态 34 conflicts: 1 shift/reduce


语法

    0 $accept: Program $end

    1 Program: ExtDefList

    2 ExtDefList: ExtDef ExtDefList
    3           | /* 空 */

    4 ExtDef: Specifier ExtDecList SEMI
    5       | Specifier SEMI
    6       | Specifier FunDec CompSt
    7       | Specifier FunDec SEMI
    8       | error SEMI

    9 ExtDecList: VarDec
   10           | VarDec COMMA ExtDecList

   11 Specifier: TYPE
   12          | StructSpecifier

   13 StructSpecifier: STRUCT OptTag LC DefList RC
   14                | STRUCT Tag

   15 OptTag: ID
   16       | /* 空 */

   17 Tag: ID

   18 VarDec: ID
   19       | VarDec LB INT RB

   20 FunDec: ID LP VarList RP
   21       | ID LP RP
   22       | error RP

   23 VarList: ParamDec COMMA VarList
   24        | ParamDec

   25 ParamDec: Specifier VarDec

   26 CompSt: LC DefList StmtList RC
   27       | error RC

   28 StmtList: Stmt StmtList
   29         | /* 空 */

   30 Stmt: Exp SEMI
   31     | CompSt
   32     | RETURN Exp SEMI
   33     | IF LP Exp RP Stmt
   34     | IF LP Exp RP Stmt ELSE Stmt
   35     | WHILE LP Exp RP Stmt
   36     | error RP
   37     | error SEMI

   38 DefList: Def DefList
   39        | /* 空 */

   40 Def: Specifier DecList SEMI
   41    | error SEMI

   42 DecList: Dec
   43        | Dec COMMA DecList

   44 Dec: VarDec
   45    | VarDec ASSIGNOP Exp

   46 Exp: Exp ASSIGNOP Exp
   47    | Exp AND Exp
   48    | Exp OR Exp
   49    | Exp RELOP Exp
   50    | Exp PLUS Exp
   51    | Exp MINUS Exp
   52    | Exp STAR Exp
   53    | Exp DIV Exp
   54    | LP Exp RP
   55    | MINUS Exp
   56    | NOT Exp
   57    | ID LP Args RP
   58    | ID LP RP
   59    | Exp LB Exp RB
   60    | Exp DOT ID
   61    | ID
   62    | INT
   63    | FLOAT
   64    | Exp LB Exp error SEMI

   65 Args: Exp COMMA Args
   66     | Exp


Terminals, with rules where they appear

$end (0) 0
error (256) 8 22 27 36 37 41 64
INT (258) 19 62
FLOAT (259) 63
ID (260) 15 17 18 20 21 57 58 60 61
TYPE (261) 11
SEMI (262) 4 5 7 8 30 32 37 40 41 64
COMMA (263) 10 23 43 65
DOT (264) 60
ASSIGNOP (265) 45 46
RELOP (266) 49
GT (267)
LT (268)
GE (269)
LE (270)
EQ (271)
NE (272)
PLUS (273) 50
MINUS (274) 51 55
STAR (275) 52
DIV (276) 53
AND (277) 47
OR (278) 48
NOT (279) 56
LP (280) 20 21 33 34 35 54 57 58
RP (281) 20 21 22 33 34 35 36 54 57 58
LB (282) 19 59 64
RB (283) 19 59
LC (284) 13 26
RC (285) 13 26 27
STRUCT (286) 13 14
RETURN (287) 32
IF (288) 33 34
ELSE (289) 34
WHILE (290) 35
LOWER_THAN_ELSE (291)


Nonterminals, with rules where they appear

$accept (37)
    左： 0
Program (38)
    左： 1, 右： 0
ExtDefList (39)
    左： 2 3, 右： 1 2
ExtDef (40)
    左： 4 5 6 7 8, 右： 2
ExtDecList (41)
    左： 9 10, 右： 4 10
Specifier (42)
    左： 11 12, 右： 4 5 6 7 25 40
StructSpecifier (43)
    左： 13 14, 右： 12
OptTag (44)
    左： 15 16, 右： 13
Tag (45)
    左： 17, 右： 14
VarDec (46)
    左： 18 19, 右： 9 10 19 25 44 45
FunDec (47)
    左： 20 21 22, 右： 6 7
VarList (48)
    左： 23 24, 右： 20 23
ParamDec (49)
    左： 25, 右： 23 24
CompSt (50)
    左： 26 27, 右： 6 31
StmtList (51)
    左： 28 29, 右： 26 28
Stmt (52)
    左： 30 31 32 33 34 35 36 37, 右： 28 33 34 35
DefList (53)
    左： 38 39, 右： 13 26 38
Def (54)
    左： 40 41, 右： 38
DecList (55)
    左： 42 43, 右： 40 43
Dec (56)
    左： 44 45, 右： 42 43
Exp (57)
    左： 46 47 48 49 50 51 52 53 54 55 56 57 58 59 60 61 62 63 64,
    右： 30 32 33 34 35 45 46 47 48 49 50 51 52 53 54 55 56 59 60
    64 65 66
Args (58)
    左： 65 66, 右： 57 65


状态 0

    0 $accept: . Program $end

    error   shift, and go to state 1
    TYPE    shift, and go to state 2
    STRUCT  shift, and go to state 3

    $end  reduce using rule 3 (ExtDefList)

    Program          转到状态4
    ExtDefList       转到状态5
    ExtDef           转到状态6
    Specifier        转到状态7
    StructSpecifier  转到状态8


状态 1

    8 ExtDef: error . SEMI

    SEMI  shift, and go to state 9


状态 2

   11 Specifier: TYPE .

    $default  reduce using rule 11 (Specifier)


状态 3

   13 StructSpecifier: STRUCT . OptTag LC DefList RC
   14                | STRUCT . Tag

    ID  shift, and go to state 10

    $default  reduce using rule 16 (OptTag)

    OptTag  转到状态11
    Tag     转到状态12


状态 4

    0 $accept: Program . $end

    $end  shift, and go to state 13


状态 5

    1 Program: ExtDefList .

    $default  reduce using rule 1 (Program)


状态 6

    2 ExtDefList: ExtDef . ExtDefList

    error   shift, and go to state 1
    TYPE    shift, and go to state 2
    STRUCT  shift, and go to state 3

    $end  reduce using rule 3 (ExtDefList)

    ExtDefList       转到状态14
    ExtDef           转到状态6
    Specifier        转到状态7
    StructSpecifier  转到状态8


状态 7

    4 ExtDef: Specifier . ExtDecList SEMI
    5       | Specifier . SEMI
    6       | Specifier . FunDec CompSt
    7       | Specifier . FunDec SEMI

    error  shift, and go to state 15
    ID     shift, and go to state 16
    SEMI   shift, and go to state 17

    ExtDecList  转到状态18
    VarDec      转到状态19
    FunDec      转到状态20


状态 8

   12 Specifier: StructSpecifier .

    $default  reduce using rule 12 (Specifier)


状态 9

    8 ExtDef: error SEMI .

    $default  reduce using rule 8 (ExtDef)


状态 10

   15 OptTag: ID .
   17 Tag: ID .

    LC        reduce using rule 15 (OptTag)
    $default  reduce using rule 17 (Tag)


状态 11

   13 StructSpecifier: STRUCT OptTag . LC DefList RC

    LC  shift, and go to state 21


状态 12

   14 StructSpecifier: STRUCT Tag .

    $default  reduce using rule 14 (StructSpecifier)


状态 13

    0 $accept: Program $end .

    $default  接受


状态 14

    2 ExtDefList: ExtDef ExtDefList .

    $default  reduce using rule 2 (ExtDefList)


状态 15

   22 FunDec: error . RP

    RP  shift, and go to state 22


状态 16

   18 VarDec: ID .
   20 FunDec: ID . LP VarList RP
   21       | ID . LP RP

    LP  shift, and go to state 23

    $default  reduce using rule 18 (VarDec)


状态 17

    5 ExtDef: Specifier SEMI .

    $default  reduce using rule 5 (ExtDef)


状态 18

    4 ExtDef: Specifier ExtDecList . SEMI

    SEMI  shift, and go to state 24


状态 19

    9 ExtDecList: VarDec .
   10           | VarDec . COMMA ExtDecList
   19 VarDec: VarDec . LB INT RB

    COMMA  shift, and go to state 25
    LB     shift, and go to state 26

    $default  reduce using rule 9 (ExtDecList)


状态 20

    6 ExtDef: Specifier FunDec . CompSt
    7       | Specifier FunDec . SEMI

    error  shift, and go to state 27
    SEMI   shift, and go to state 28
    LC     shift, and go to state 29

    CompSt  转到状态30


状态 21

   13 StructSpecifier: STRUCT OptTag LC . DefList RC

    error   shift, and go to state 31
    TYPE    shift, and go to state 2
    STRUCT  shift, and go to state 3

    RC  reduce using rule 39 (DefList)

    Specifier        转到状态32
    StructSpecifier  转到状态8
    DefList          转到状态33
    Def              转到状态34


状态 22

   22 FunDec: error RP .

    $default  reduce using rule 22 (FunDec)


状态 23

   20 FunDec: ID LP . VarList RP
   21       | ID LP . RP

    TYPE    shift, and go to state 2
    RP      shift, and go to state 35
    STRUCT  shift, and go to state 3

    Specifier        转到状态36
    StructSpecifier  转到状态8
    VarList          转到状态37
    ParamDec         转到状态38


状态 24

    4 ExtDef: Specifier ExtDecList SEMI .

    $default  reduce using rule 4 (ExtDef)


状态 25

   10 ExtDecList: VarDec COMMA . ExtDecList

    ID  shift, and go to state 39

    ExtDecList  转到状态40
    VarDec      转到状态19


状态 26

   19 VarDec: VarDec LB . INT RB

    INT  shift, and go to state 41


状态 27

   27 CompSt: error . RC

    RC  shift, and go to state 42


状态 28

    7 ExtDef: Specifier FunDec SEMI .

    $default  reduce using rule 7 (ExtDef)


状态 29

   26 CompSt: LC . DefList StmtList RC

    error   shift, and go to state 31
    TYPE    shift, and go to state 2
    STRUCT  shift, and go to state 3

    error   [reduce using rule 39 (DefList)]
    INT     reduce using rule 39 (DefList)
    FLOAT   reduce using rule 39 (DefList)
    ID      reduce using rule 39 (DefList)
    MINUS   reduce using rule 39 (DefList)
    NOT     reduce using rule 39 (DefList)
    LP      reduce using rule 39 (DefList)
    LC      reduce using rule 39 (DefList)
    RC      reduce using rule 39 (DefList)
    RETURN  reduce using rule 39 (DefList)
    IF      reduce using rule 39 (DefList)
    WHILE   reduce using rule 39 (DefList)

    Specifier        转到状态32
    StructSpecifier  转到状态8
    DefList          转到状态43
    Def              转到状态34


状态 30

    6 ExtDef: Specifier FunDec CompSt .

    $default  reduce using rule 6 (ExtDef)


状态 31

   41 Def: error . SEMI

    SEMI  shift, and go to state 44


状态 32

   40 Def: Specifier . DecList SEMI

    ID  shift, and go to state 39

    VarDec   转到状态45
    DecList  转到状态46
    Dec      转到状态47


状态 33

   13 StructSpecifier: STRUCT OptTag LC DefList . RC

    RC  shift, and go to state 48


状态 34

   38 DefList: Def . DefList

    error   shift, and go to state 31
    TYPE    shift, and go to state 2
    STRUCT  shift, and go to state 3

    error   [reduce using rule 39 (DefList)]
    INT     reduce using rule 39 (DefList)
    FLOAT   reduce using rule 39 (DefList)
    ID      reduce using rule 39 (DefList)
    MINUS   reduce using rule 39 (DefList)
    NOT     reduce using rule 39 (DefList)
    LP      reduce using rule 39 (DefList)
    LC      reduce using rule 39 (DefList)
    RC      reduce using rule 39 (DefList)
    RETURN  reduce using rule 39 (DefList)
    IF      reduce using rule 39 (DefList)
    WHILE   reduce using rule 39 (DefList)

    Specifier        转到状态32
    StructSpecifier  转到状态8
    DefList          转到状态49
    Def              转到状态34


状态 35

   21 FunDec: ID LP RP .

    $default  reduce using rule 21 (FunDec)


状态 36

   25 ParamDec: Specifier . VarDec

    ID  shift, and go to state 39

    VarDec  转到状态50


状态 37

   20 FunDec: ID LP VarList . RP

    RP  shift, and go to state 51


状态 38

   23 VarList: ParamDec . COMMA VarList
   24        | ParamDec .

    COMMA  shift, and go to state 52

    $default  reduce using rule 24 (VarList)


状态 39

   18 VarDec: ID .

    $default  reduce using rule 18 (VarDec)


状态 40

   10 ExtDecList: VarDec COMMA ExtDecList .

    $default  reduce using rule 10 (ExtDecList)


状态 41

   19 VarDec: VarDec LB INT . RB

    RB  shift, and go to state 53


状态 42

   27 CompSt: error RC .

    $default  reduce using rule 27 (CompSt)


状态 43

   26 CompSt: LC DefList . StmtList RC

    error   shift, and go to state 54
    INT     shift, and go to state 55
    FLOAT   shift, and go to state 56
    ID      shift, and go to state 57
    MINUS   shift, and go to state 58
    NOT     shift, and go to state 59
    LP      shift, and go to state 60
    LC      shift, and go to state 29
    RETURN  shift, and go to state 61
    IF      shift, and go to state 62
    WHILE   shift, and go to state 63

    RC  reduce using rule 29 (StmtList)

    CompSt    转到状态64
    StmtList  转到状态65
    Stmt      转到状态66
    Exp       转到状态67


状态 44

   41 Def: error SEMI .

    $default  reduce using rule 41 (Def)


状态 45

   19 VarDec: VarDec . LB INT RB
   44 Dec: VarDec .
   45    | VarDec . ASSIGNOP Exp

    ASSIGNOP  shift, and go to state 68
    LB        shift, and go to state 26

    $default  reduce using rule 44 (Dec)


状态 46

   40 Def: Specifier DecList . SEMI

    SEMI  shift, and go to state 69


状态 47

   42 DecList: Dec .
   43        | Dec . COMMA DecList

    COMMA  shift, and go to state 70

    $default  reduce using rule 42 (DecList)


状态 48

   13 StructSpecifier: STRUCT OptTag LC DefList RC .

    $default  reduce using rule 13 (StructSpecifier)


状态 49

   38 DefList: Def DefList .

    $default  reduce using rule 38 (DefList)


状态 50

   19 VarDec: VarDec . LB INT RB
   25 ParamDec: Specifier VarDec .

    LB  shift, and go to state 26

    $default  reduce using rule 25 (ParamDec)


状态 51

   20 FunDec: ID LP VarList RP .

    $default  reduce using rule 20 (FunDec)


状态 52

   23 VarList: ParamDec COMMA . VarList

    TYPE    shift, and go to state 2
    STRUCT  shift, and go to state 3

    Specifier        转到状态36
    StructSpecifier  转到状态8
    VarList          转到状态71
    ParamDec         转到状态38


状态 53

   19 VarDec: VarDec LB INT RB .

    $default  reduce using rule 19 (VarDec)


状态 54

   27 CompSt: error . RC
   36 Stmt: error . RP
   37     | error . SEMI

    SEMI  shift, and go to state 72
    RP    shift, and go to state 73
    RC    shift, and go to state 42


状态 55

   62 Exp: INT .

    $default  reduce using rule 62 (Exp)


状态 56

   63 Exp: FLOAT .

    $default  reduce using rule 63 (Exp)


状态 57

   57 Exp: ID . LP Args RP
   58    | ID . LP RP
   61    | ID .

    LP  shift, and go to state 74

    $default  reduce using rule 61 (Exp)


状态 58

   55 Exp: MINUS . Exp

    INT    shift, and go to state 55
    FLOAT  shift, and go to state 56
    ID     shift, and go to state 57
    MINUS  shift, and go to state 58
    NOT    shift, and go to state 59
    LP     shift, and go to state 60

    Exp  转到状态75


状态 59

   56 Exp: NOT . Exp

    INT    shift, and go to state 55
    FLOAT  shift, and go to state 56
    ID     shift, and go to state 57
    MINUS  shift, and go to state 58
    NOT    shift, and go to state 59
    LP     shift, and go to state 60

    Exp  转到状态76


状态 60

   54 Exp: LP . Exp RP

    INT    shift, and go to state 55
    FLOAT  shift, and go to state 56
    ID     shift, and go to state 57
    MINUS  shift, and go to state 58
    NOT    shift, and go to state 59
    LP     shift, and go to state 60

    Exp  转到状态77


状态 61

   32 Stmt: RETURN . Exp SEMI

    INT    shift, and go to state 55
    FLOAT  shift, and go to state 56
    ID     shift, and go to state 57
    MINUS  shift, and go to state 58
    NOT    shift, and go to state 59
    LP     shift, and go to state 60

    Exp  转到状态78


状态 62

   33 Stmt: IF . LP Exp RP Stmt
   34     | IF . LP Exp RP Stmt ELSE Stmt

    LP  shift, and go to state 79


状态 63

   35 Stmt: WHILE . LP Exp RP Stmt

    LP  shift, and go to state 80


状态 64

   31 Stmt: CompSt .

    $default  reduce using rule 31 (Stmt)


状态 65

   26 CompSt: LC DefList StmtList . RC

    RC  shift, and go to state 81


状态 66

   28 StmtList: Stmt . StmtList

    error   shift, and go to state 54
    INT     shift, and go to state 55
    FLOAT   shift, and go to state 56
    ID      shift, and go to state 57
    MINUS   shift, and go to state 58
    NOT     shift, and go to state 59
    LP      shift, and go to state 60
    LC      shift, and go to state 29
    RETURN  shift, and go to state 61
    IF      shift, and go to state 62
    WHILE   shift, and go to state 63

    RC  reduce using rule 29 (StmtList)

    CompSt    转到状态64
    StmtList  转到状态82
    Stmt      转到状态66
    Exp       转到状态67


状态 67

   30 Stmt: Exp . SEMI
   46 Exp: Exp . ASSIGNOP Exp
   47    | Exp . AND Exp
   48    | Exp . OR Exp
   49    | Exp . RELOP Exp
   50    | Exp . PLUS Exp
   51    | Exp . MINUS Exp
   52    | Exp . STAR Exp
   53    | Exp . DIV Exp
   59    | Exp . LB Exp RB
   60    | Exp . DOT ID
   64    | Exp . LB Exp error SEMI

    SEMI      shift, and go to state 83
    DOT       shift, and go to state 84
    ASSIGNOP  shift, and go to state 85
    RELOP     shift, and go to state 86
    PLUS      shift, and go to state 87
    MINUS     shift, and go to state 88
    STAR      shift, and go to state 89
    DIV       shift, and go to state 90
    AND       shift, and go to state 91
    OR        shift, and go to state 92
    LB        shift, and go to state 93


状态 68

   45 Dec: VarDec ASSIGNOP . Exp

    INT    shift, and go to state 55
    FLOAT  shift, and go to state 56
    ID     shift, and go to state 57
    MINUS  shift, and go to state 58
    NOT    shift, and go to state 59
    LP     shift, and go to state 60

    Exp  转到状态94


状态 69

   40 Def: Specifier DecList SEMI .

    $default  reduce using rule 40 (Def)


状态 70

   43 DecList: Dec COMMA . DecList

    ID  shift, and go to state 39

    VarDec   转到状态45
    DecList  转到状态95
    Dec      转到状态47


状态 71

   23 VarList: ParamDec COMMA VarList .

    $default  reduce using rule 23 (VarList)


状态 72

   37 Stmt: error SEMI .

    $default  reduce using rule 37 (Stmt)


状态 73

   36 Stmt: error RP .

    $default  reduce using rule 36 (Stmt)


状态 74

   57 Exp: ID LP . Args RP
   58    | ID LP . RP

    INT    shift, and go to state 55
    FLOAT  shift, and go to state 56
    ID     shift, and go to state 57
    MINUS  shift, and go to state 58
    NOT    shift, and go to state 59
    LP     shift, and go to state 60
    RP     shift, and go to state 96

    Exp   转到状态97
    Args  转到状态98


状态 75

   46 Exp: Exp . ASSIGNOP Exp
   47    | Exp . AND Exp
   48    | Exp . OR Exp
   49    | Exp . RELOP Exp
   50    | Exp . PLUS Exp
   51    | Exp . MINUS Exp
   52    | Exp . STAR Exp
   53    | Exp . DIV Exp
   55    | MINUS Exp .
   59    | Exp . LB Exp RB
   60    | Exp . DOT ID
   64    | Exp . LB Exp error SEMI

    DOT   shift, and go to state 84
    STAR  shift, and go to state 89
    DIV   shift, and go to state 90
    LB    shift, and go to state 93

    $default  reduce using rule 55 (Exp)


状态 76

   46 Exp: Exp . ASSIGNOP Exp
   47    | Exp . AND Exp
   48    | Exp . OR Exp
   49    | Exp . RELOP Exp
   50    | Exp . PLUS Exp
   51    | Exp . MINUS Exp
   52    | Exp . STAR Exp
   53    | Exp . DIV Exp
   56    | NOT Exp .
   59    | Exp . LB Exp RB
   60    | Exp . DOT ID
   64    | Exp . LB Exp error SEMI

    DOT  shift, and go to state 84
    LB   shift, and go to state 93

    $default  reduce using rule 56 (Exp)


状态 77

   46 Exp: Exp . ASSIGNOP Exp
   47    | Exp . AND Exp
   48    | Exp . OR Exp
   49    | Exp . RELOP Exp
   50    | Exp . PLUS Exp
   51    | Exp . MINUS Exp
   52    | Exp . STAR Exp
   53    | Exp . DIV Exp
   54    | LP Exp . RP
   59    | Exp . LB Exp RB
   60    | Exp . DOT ID
   64    | Exp . LB Exp error SEMI

    DOT       shift, and go to state 84
    ASSIGNOP  shift, and go to state 85
    RELOP     shift, and go to state 86
    PLUS      shift, and go to state 87
    MINUS     shift, and go to state 88
    STAR      shift, and go to state 89
    DIV       shift, and go to state 90
    AND       shift, and go to state 91
    OR        shift, and go to state 92
    RP        shift, and go to state 99
    LB        shift, and go to state 93


状态 78

   32 Stmt: RETURN Exp . SEMI
   46 Exp: Exp . ASSIGNOP Exp
   47    | Exp . AND Exp
   48    | Exp . OR Exp
   49    | Exp . RELOP Exp
   50    | Exp . PLUS Exp
   51    | Exp . MINUS Exp
   52    | Exp . STAR Exp
   53    | Exp . DIV Exp
   59    | Exp . LB Exp RB
   60    | Exp . DOT ID
   64    | Exp . LB Exp error SEMI

    SEMI      shift, and go to state 100
    DOT       shift, and go to state 84
    ASSIGNOP  shift, and go to state 85
    RELOP     shift, and go to state 86
    PLUS      shift, and go to state 87
    MINUS     shift, and go to state 88
    STAR      shift, and go to state 89
    DIV       shift, and go to state 90
    AND       shift, and go to state 91
    OR        shift, and go to state 92
    LB        shift, and go to state 93


状态 79

   33 Stmt: IF LP . Exp RP Stmt
   34     | IF LP . Exp RP Stmt ELSE Stmt

    INT    shift, and go to state 55
    FLOAT  shift, and go to state 56
    ID     shift, and go to state 57
    MINUS  shift, and go to state 58
    NOT    shift, and go to state 59
    LP     shift, and go to state 60

    Exp  转到状态101


状态 80

   35 Stmt: WHILE LP . Exp RP Stmt

    INT    shift, and go to state 55
    FLOAT  shift, and go to state 56
    ID     shift, and go to state 57
    MINUS  shift, and go to state 58
    NOT    shift, and go to state 59
    LP     shift, and go to state 60

    Exp  转到状态102


状态 81

   26 CompSt: LC DefList StmtList RC .

    $default  reduce using rule 26 (CompSt)


状态 82

   28 StmtList: Stmt StmtList .

    $default  reduce using rule 28 (StmtList)


状态 83

   30 Stmt: Exp SEMI .

    $default  reduce using rule 30 (Stmt)


状态 84

   60 Exp: Exp DOT . ID

    ID  shift, and go to state 103


状态 85

   46 Exp: Exp ASSIGNOP . Exp

    INT    shift, and go to state 55
    FLOAT  shift, and go to state 56
    ID     shift, and go to state 57
    MINUS  shift, and go to state 58
    NOT    shift, and go to state 59
    LP     shift, and go to state 60

    Exp  转到状态104


状态 86

   49 Exp: Exp RELOP . Exp

    INT    shift, and go to state 55
    FLOAT  shift, and go to state 56
    ID     shift, and go to state 57
    MINUS  shift, and go to state 58
    NOT    shift, and go to state 59
    LP     shift, and go to state 60

    Exp  转到状态105


状态 87

   50 Exp: Exp PLUS . Exp

    INT    shift, and go to state 55
    FLOAT  shift, and go to state 56
    ID     shift, and go to state 57
    MINUS  shift, and go to state 58
    NOT    shift, and go to state 59
    LP     shift, and go to state 60

    Exp  转到状态106


状态 88

   51 Exp: Exp MINUS . Exp

    INT    shift, and go to state 55
    FLOAT  shift, and go to state 56
    ID     shift, and go to state 57
    MINUS  shift, and go to state 58
    NOT    shift, and go to state 59
    LP     shift, and go to state 60

    Exp  转到状态107


状态 89

   52 Exp: Exp STAR . Exp

    INT    shift, and go to state 55
    FLOAT  shift, and go to state 56
    ID     shift, and go to state 57
    MINUS  shift, and go to state 58
    NOT    shift, and go to state 59
    LP     shift, and go to state 60

    Exp  转到状态108


状态 90

   53 Exp: Exp DIV . Exp

    INT    shift, and go to state 55
    FLOAT  shift, and go to state 56
    ID     shift, and go to state 57
    MINUS  shift, and go to state 58
    NOT    shift, and go to state 59
    LP     shift, and go to state 60

    Exp  转到状态109


状态 91

   47 Exp: Exp AND . Exp

    INT    shift, and go to state 55
    FLOAT  shift, and go to state 56
    ID     shift, and go to state 57
    MINUS  shift, and go to state 58
    NOT    shift, and go to state 59
    LP     shift, and go to state 60

    Exp  转到状态110


状态 92

   48 Exp: Exp OR . Exp

    INT    shift, and go to state 55
    FLOAT  shift, and go to state 56
    ID     shift, and go to state 57
    MINUS  shift, and go to state 58
    NOT    shift, and go to state 59
    LP     shift, and go to state 60

    Exp  转到状态111


状态 93

   59 Exp: Exp LB . Exp RB
   64    | Exp LB . Exp error SEMI

    INT    shift, and go to state 55
    FLOAT  shift, and go to state 56
    ID     shift, and go to state 57
    MINUS  shift, and go to state 58
    NOT    shift, and go to state 59
    LP     shift, and go to state 60

    Exp  转到状态112


状态 94

   45 Dec: VarDec ASSIGNOP Exp .
   46 Exp: Exp . ASSIGNOP Exp
   47    | Exp . AND Exp
   48    | Exp . OR Exp
   49    | Exp . RELOP Exp
   50    | Exp . PLUS Exp
   51    | Exp . MINUS Exp
   52    | Exp . STAR Exp
   53    | Exp . DIV Exp
   59    | Exp . LB Exp RB
   60    | Exp . DOT ID
   64    | Exp . LB Exp error SEMI

    DOT       shift, and go to state 84
    ASSIGNOP  shift, and go to state 85
    RELOP     shift, and go to state 86
    PLUS      shift, and go to state 87
    MINUS     shift, and go to state 88
    STAR      shift, and go to state 89
    DIV       shift, and go to state 90
    AND       shift, and go to state 91
    OR        shift, and go to state 92
    LB        shift, and go to state 93

    $default  reduce using rule 45 (Dec)


状态 95

   43 DecList: Dec COMMA DecList .

    $default  reduce using rule 43 (DecList)


状态 96

   58 Exp: ID LP RP .

    $default  reduce using rule 58 (Exp)


状态 97

   46 Exp: Exp . ASSIGNOP Exp
   47    | Exp . AND Exp
   48    | Exp . OR Exp
   49    | Exp . RELOP Exp
   50    | Exp . PLUS Exp
   51    | Exp . MINUS Exp
   52    | Exp . STAR Exp
   53    | Exp . DIV Exp
   59    | Exp . LB Exp RB
   60    | Exp . DOT ID
   64    | Exp . LB Exp error SEMI
   65 Args: Exp . COMMA Args
   66     | Exp .

    COMMA     shift, and go to state 113
    DOT       shift, and go to state 84
    ASSIGNOP  shift, and go to state 85
    RELOP     shift, and go to state 86
    PLUS      shift, and go to state 87
    MINUS     shift, and go to state 88
    STAR      shift, and go to state 89
    DIV       shift, and go to state 90
    AND       shift, and go to state 91
    OR        shift, and go to state 92
    LB        shift, and go to state 93

    $default  reduce using rule 66 (Args)


状态 98

   57 Exp: ID LP Args . RP

    RP  shift, and go to state 114


状态 99

   54 Exp: LP Exp RP .

    $default  reduce using rule 54 (Exp)


状态 100

   32 Stmt: RETURN Exp SEMI .

    $default  reduce using rule 32 (Stmt)


状态 101

   33 Stmt: IF LP Exp . RP Stmt
   34     | IF LP Exp . RP Stmt ELSE Stmt
   46 Exp: Exp . ASSIGNOP Exp
   47    | Exp . AND Exp
   48    | Exp . OR Exp
   49    | Exp . RELOP Exp
   50    | Exp . PLUS Exp
   51    | Exp . MINUS Exp
   52    | Exp . STAR Exp
   53    | Exp . DIV Exp
   59    | Exp . LB Exp RB
   60    | Exp . DOT ID
   64    | Exp . LB Exp error SEMI

    DOT       shift, and go to state 84
    ASSIGNOP  shift, and go to state 85
    RELOP     shift, and go to state 86
    PLUS      shift, and go to state 87
    MINUS     shift, and go to state 88
    STAR      shift, and go to state 89
    DIV       shift, and go to state 90
    AND       shift, and go to state 91
    OR        shift, and go to state 92
    RP        shift, and go to state 115
    LB        shift, and go to state 93


状态 102

   35 Stmt: WHILE LP Exp . RP Stmt
   46 Exp: Exp . ASSIGNOP Exp
   47    | Exp . AND Exp
   48    | Exp . OR Exp
   49    | Exp . RELOP Exp
   50    | Exp . PLUS Exp
   51    | Exp . MINUS Exp
   52    | Exp . STAR Exp
   53    | Exp . DIV Exp
   59    | Exp . LB Exp RB
   60    | Exp . DOT ID
   64    | Exp . LB Exp error SEMI

    DOT       shift, and go to state 84
    ASSIGNOP  shift, and go to state 85
    RELOP     shift, and go to state 86
    PLUS      shift, and go to state 87
    MINUS     shift, and go to state 88
    STAR      shift, and go to state 89
    DIV       shift, and go to state 90
    AND       shift, and go to state 91
    OR        shift, and go to state 92
    RP        shift, and go to state 116
    LB        shift, and go to state 93


状态 103

   60 Exp: Exp DOT ID .

    $default  reduce using rule 60 (Exp)


状态 104

   46 Exp: Exp . ASSIGNOP Exp
   46    | Exp ASSIGNOP Exp .
   47    | Exp . AND Exp
   48    | Exp . OR Exp
   49    | Exp . RELOP Exp
   50    | Exp . PLUS Exp
   51    | Exp . MINUS Exp
   52    | Exp . STAR Exp
   53    | Exp . DIV Exp
   59    | Exp . LB Exp RB
   60    | Exp . DOT ID
   64    | Exp . LB Exp error SEMI

    DOT       shift, and go to state 84
    ASSIGNOP  shift, and go to state 85
    RELOP     shift, and go to state 86
    PLUS      shift, and go to state 87
    MINUS     shift, and go to state 88
    STAR      shift, and go to state 89
    DIV       shift, and go to state 90
    AND       shift, and go to state 91
    OR        shift, and go to state 92
    LB        shift, and go to state 93

    $default  reduce using rule 46 (Exp)


状态 105

   46 Exp: Exp . ASSIGNOP Exp
   47    | Exp . AND Exp
   48    | Exp . OR Exp
   49    | Exp . RELOP Exp
   49    | Exp RELOP Exp .
   50    | Exp . PLUS Exp
   51    | Exp . MINUS Exp
   52    | Exp . STAR Exp
   53    | Exp . DIV Exp
   59    | Exp . LB Exp RB
   60    | Exp . DOT ID
   64    | Exp . LB Exp error SEMI

    DOT    shift, and go to state 84
    PLUS   shift, and go to state 87
    MINUS  shift, and go to state 88
    STAR   shift, and go to state 89
    DIV    shift, and go to state 90
    LB     shift, and go to state 93

    $default  reduce using rule 49 (Exp)


状态 106

   46 Exp: Exp . ASSIGNOP Exp
   47    | Exp . AND Exp
   48    | Exp . OR Exp
   49    | Exp . RELOP Exp
   50    | Exp . PLUS Exp
   50    | Exp PLUS Exp .
   51    | Exp . MINUS Exp
   52    | Exp . STAR Exp
   53    | Exp . DIV Exp
   59    | Exp . LB Exp RB
   60    | Exp . DOT ID
   64    | Exp . LB Exp error SEMI

    DOT   shift, and go to state 84
    STAR  shift, and go to state 89
    DIV   shift, and go to state 90
    LB    shift, and go to state 93

    $default  reduce using rule 50 (Exp)


状态 107

   46 Exp: Exp . ASSIGNOP Exp
   47    | Exp . AND Exp
   48    | Exp . OR Exp
   49    | Exp . RELOP Exp
   50    | Exp . PLUS Exp
   51    | Exp . MINUS Exp
   51    | Exp MINUS Exp .
   52    | Exp . STAR Exp
   53    | Exp . DIV Exp
   59    | Exp . LB Exp RB
   60    | Exp . DOT ID
   64    | Exp . LB Exp error SEMI

    DOT   shift, and go to state 84
    STAR  shift, and go to state 89
    DIV   shift, and go to state 90
    LB    shift, and go to state 93

    $default  reduce using rule 51 (Exp)


状态 108

   46 Exp: Exp . ASSIGNOP Exp
   47    | Exp . AND Exp
   48    | Exp . OR Exp
   49    | Exp . RELOP Exp
   50    | Exp . PLUS Exp
   51    | Exp . MINUS Exp
   52    | Exp . STAR Exp
   52    | Exp STAR Exp .
   53    | Exp . DIV Exp
   59    | Exp . LB Exp RB
   60    | Exp . DOT ID
   64    | Exp . LB Exp error SEMI

    DOT  shift, and go to state 84
    LB   shift, and go to state 93

    $default  reduce using rule 52 (Exp)


状态 109

   46 Exp: Exp . ASSIGNOP Exp
   47    | Exp . AND Exp
   48    | Exp . OR Exp
   49    | Exp . RELOP Exp
   50    | Exp . PLUS Exp
   51    | Exp . MINUS Exp
   52    | Exp . STAR Exp
   53    | Exp . DIV Exp
   53    | Exp DIV Exp .
   59    | Exp . LB Exp RB
   60    | Exp . DOT ID
   64    | Exp . LB Exp error SEMI

    DOT  shift, and go to state 84
    LB   shift, and go to state 93

    $default  reduce using rule 53 (Exp)


状态 110

   46 Exp: Exp . ASSIGNOP Exp
   47    | Exp . AND Exp
   47    | Exp AND Exp .
   48    | Exp . OR Exp
   49    | Exp . RELOP Exp
   50    | Exp . PLUS Exp
   51    | Exp . MINUS Exp
   52    | Exp . STAR Exp
   53    | Exp . DIV Exp
   59    | Exp . LB Exp RB
   60    | Exp . DOT ID
   64    | Exp . LB Exp error SEMI

    DOT    shift, and go to state 84
    RELOP  shift, and go to state 86
    PLUS   shift, and go to state 87
    MINUS  shift, and go to state 88
    STAR   shift, and go to state 89
    DIV    shift, and go to state 90
    LB     shift, and go to state 93

    $default  reduce using rule 47 (Exp)


状态 111

   46 Exp: Exp . ASSIGNOP Exp
   47    | Exp . AND Exp
   48    | Exp . OR Exp
   48    | Exp OR Exp .
   49    | Exp . RELOP Exp
   50    | Exp . PLUS Exp
   51    | Exp . MINUS Exp
   52    | Exp . STAR Exp
   53    | Exp . DIV Exp
   59    | Exp . LB Exp RB
   60    | Exp . DOT ID
   64    | Exp . LB Exp error SEMI

    DOT    shift, and go to state 84
    RELOP  shift, and go to state 86
    PLUS   shift, and go to state 87
    MINUS  shift, and go to state 88
    STAR   shift, and go to state 89
    DIV    shift, and go to state 90
    AND    shift, and go to state 91
    LB     shift, and go to state 93

    $default  reduce using rule 48 (Exp)


状态 112

   46 Exp: Exp . ASSIGNOP Exp
   47    | Exp . AND Exp
   48    | Exp . OR Exp
   49    | Exp . RELOP Exp
   50    | Exp . PLUS Exp
   51    | Exp . MINUS Exp
   52    | Exp . STAR Exp
   53    | Exp . DIV Exp
   59    | Exp . LB Exp RB
   59    | Exp LB Exp . RB
   60    | Exp . DOT ID
   64    | Exp . LB Exp error SEMI
   64    | Exp LB Exp . error SEMI

    error     shift, and go to state 117
    DOT       shift, and go to state 84
    ASSIGNOP  shift, and go to state 85
    RELOP     shift, and go to state 86
    PLUS      shift, and go to state 87
    MINUS     shift, and go to state 88
    STAR      shift, and go to state 89
    DIV       shift, and go to state 90
    AND       shift, and go to state 91
    OR        shift, and go to state 92
    LB        shift, and go to state 93
    RB        shift, and go to state 118


状态 113

   65 Args: Exp COMMA . Args

    INT    shift, and go to state 55
    FLOAT  shift, and go to state 56
    ID     shift, and go to state 57
    MINUS  shift, and go to state 58
    NOT    shift, and go to state 59
    LP     shift, and go to state 60

    Exp   转到状态97
    Args  转到状态119


状态 114

   57 Exp: ID LP Args RP .

    $default  reduce using rule 57 (Exp)


状态 115

   33 Stmt: IF LP Exp RP . Stmt
   34     | IF LP Exp RP . Stmt ELSE Stmt

    error   shift, and go to state 54
    INT     shift, and go to state 55
    FLOAT   shift, and go to state 56
    ID      shift, and go to state 57
    MINUS   shift, and go to state 58
    NOT     shift, and go to state 59
    LP      shift, and go to state 60
    LC      shift, and go to state 29
    RETURN  shift, and go to state 61
    IF      shift, and go to state 62
    WHILE   shift, and go to state 63

    CompSt  转到状态64
    Stmt    转到状态120
    Exp     转到状态67


状态 116

   35 Stmt: WHILE LP Exp RP . Stmt

    error   shift, and go to state 54
    INT     shift, and go to state 55
    FLOAT   shift, and go to state 56
    ID      shift, and go to state 57
    MINUS   shift, and go to state 58
    NOT     shift, and go to state 59
    LP      shift, and go to state 60
    LC      shift, and go to state 29
    RETURN  shift, and go to state 61
    IF      shift, and go to state 62
    WHILE   shift, and go to state 63

    CompSt  转到状态64
    Stmt    转到状态121
    Exp     转到状态67


状态 117

   64 Exp: Exp LB Exp error . SEMI

    SEMI  shift, and go to state 122


状态 118

   59 Exp: Exp LB Exp RB .

    $default  reduce using rule 59 (Exp)


状态 119

   65 Args: Exp COMMA Args .

    $default  reduce using rule 65 (Args)


状态 120

   33 Stmt: IF LP Exp RP Stmt .
   34     | IF LP Exp RP Stmt . ELSE Stmt

    ELSE  shift, and go to state 123

    $default  reduce using rule 33 (Stmt)


状态 121

   35 Stmt: WHILE LP Exp RP Stmt .

    $default  reduce using rule 35 (Stmt)


状态 122

   64 Exp: Exp LB Exp error SEMI .

    $default  reduce using rule 64 (Exp)


状态 123

   34 Stmt: IF LP Exp RP Stmt ELSE . Stmt

    error   shift, and go to state 54
    INT     shift, and go to state 55
    FLOAT   shift, and go to state 56
    ID      shift, and go to state 57
    MINUS   shift, and go to state 58
    NOT     shift, and go to state 59
    LP      shift, and go to state 60
    LC      shift, and go to state 29
    RETURN  shift, and go to state 61
    IF      shift, and go to state 62
    WHILE   shift, and go to state 63

    CompSt  转到状态64
    Stmt    转到状态124
    Exp     转到状态67


状态 124

   34 Stmt: IF LP Exp RP Stmt ELSE Stmt .

    $default  reduce using rule 34 (Stmt)
